[0802/104155.512:INFO:CONSOLE(246)] "Google Maps JavaScript API has been loaded directly without a callback. This is not supported and can lead to race conditions and suboptimal performance. For supported loading patterns please see https://goo.gle/js-api-loading", source: https://maps.googleapis.com/maps/api/js?v=3.exp&sensor=false (246)
[0802/104155.513:INFO:CONSOLE(121)] "google.maps.event.addDomListener() is deprecated, use the standard
addEventListener() method instead:
https://developer.mozilla.org/docs/Web/API/EventTarget/addEventListener
The feature will continue to work and there is no plan to decommission
it.", source: https://maps.googleapis.com/maps/api/js?v=3.exp&sensor=false (121)
[0802/104155.537:INFO:CONSOLE(240)] "You have included the Google Maps JavaScript API multiple times on this page. This may cause unexpected errors.", source: http://maps.googleapis.com/maps/api/js?v=3&key=AIzaSyBErGgt82BKcngFHWnCVh4-OXrFwRfeaqo&callback=initMap (240)
[0802/104155.868:INFO:CONSOLE(0)] "Uncaught (in promise) InvalidValueError: initMap is not a function", source: file:///C:/Users/Public/Documents/Paradigma/cache/cache/tempel/Feinen_J_.html (0)
[0802/104207.515:INFO:CONSOLE(72)] "Google Maps JavaScript API warning: SensorNotRequired https://developers.google.com/maps/documentation/javascript/error-messages#sensor-not-required", source: http://maps.googleapis.com/maps-api-v3/api/js/52/9/util.js (72)
[0802/104207.515:INFO:CONSOLE(72)] "Google Maps JavaScript API warning: NoApiKeys https://developers.google.com/maps/documentation/javascript/error-messages#no-api-keys", source: http://maps.googleapis.com/maps-api-v3/api/js/52/9/util.js (72)
[0802/104208.009:INFO:CONSOLE(244)] "Uncaught (in promise) TypeError: Cannot read property 'Vy' of undefined", source: https://maps.googleapis.com/maps/api/js?v=3.exp&sensor=false (244)
[0802/104214.848:INFO:CONSOLE(0)] "Unrecognized Content-Security-Policy directive 'require-trusted-types-for'.
", source: https://consent.google.com/ml?continue=https://www.google.com/maps/@49.9937428778028,8.65814364087393,355a,20y,41.6t/data%3D!3m1!1e3&gl=DE&m=0&pc=m&uxe=eomtm&cm=2&hl=de&src=1 (0)
[0802/104220.880:INFO:CONSOLE(1071)] "[Report Only] Refused to compile or instantiate WebAssembly module because 'wasm-eval' is not an allowed source of script in the following Content Security Policy directive: "script-src 'nonce-GhIo9umasOaE_unDt9qnIA' 'strict-dynamic' 'report-sample' 'unsafe-eval' 'unsafe-inline' https: http:".
", source: https://www.google.com/maps/_/js/k=maps.m.de.gxseVgG_kt8.2019.O/m=sc2,per,mo,ti,ds,stx,dwi,enr,bom,b/am=BoBCEYA/rt=j/d=1/rs=ACT90oEJvJCywzaVOWxVjkU1xyVoWPOkeQ?wli=m.V9vN-b25ydw.loadSv%3A%3B (1071)
[0802/104221.926:INFO:CONSOLE(406)] "chrome.loadTimes() is deprecated, instead use standardized API: nextHopProtocol in Navigation Timing 2. https://www.chromestatus.com/features/5637885046816768.", source: https://www.google.com/maps/@49.9937428778028,8.65814364087393,355a,20y,41.6t/data=!3m1!1e3 (406)
[0802/104221.927:INFO:CONSOLE(406)] "chrome.loadTimes() is deprecated, instead use standardized API: nextHopProtocol in Navigation Timing 2. https://www.chromestatus.com/features/5637885046816768.", source: https://www.google.com/maps/@49.9937428778028,8.65814364087393,355a,20y,41.6t/data=!3m1!1e3 (406)
[0802/104221.928:INFO:CONSOLE(406)] "chrome.loadTimes() is deprecated, instead use standardized API: nextHopProtocol in Navigation Timing 2. https://www.chromestatus.com/features/5637885046816768.", source: https://www.google.com/maps/@49.9937428778028,8.65814364087393,355a,20y,41.6t/data=!3m1!1e3 (406)
[0802/104221.928:INFO:CONSOLE(406)] "chrome.loadTimes() is deprecated, instead use standardized API: nextHopProtocol in Navigation Timing 2. https://www.chromestatus.com/features/5637885046816768.", source: https://www.google.com/maps/@49.9937428778028,8.65814364087393,355a,20y,41.6t/data=!3m1!1e3 (406)
[0802/104404.430:INFO:CONSOLE(0)] "Active resource loading counts reached a per-frame limit while the tab was in background. Network requests will be delayed until a previous loading finishes, or the tab is brought to the foreground. See https://www.chromestatus.com/feature/5527160148197376 for more details", source: https://www.google.com/maps/@50.0023565,8.6770076,8269m/data=!3m1!1e3?entry=ttu (0)
[0830/091018.763:WARNING:backend_impl.cc(1610)] Messed up entry found.
[0830/091942.155:INFO:CONSOLE(67)] "Uncaught SyntaxError: Unexpected token ?", source: https://maps.googleapis.com/maps/api/js?v=3.exp&sensor=false (67)
[0830/091942.875:INFO:CONSOLE(0)] "Uncaught (in promise) InvalidValueError: initMap is not a function", source: file:///C:/Users/Public/Documents/Paradigma/cache/cache/tempel/Feinen_J_.html (0)
[0830/091948.065:INFO:CONSOLE(67)] "Google Maps JavaScript API warning: SensorNotRequired https://developers.google.com/maps/documentation/javascript/error-messages#sensor-not-required", source: http://maps.googleapis.com/maps-api-v3/api/js/53/14/util.js (67)
[0830/091948.065:INFO:CONSOLE(67)] "Google Maps JavaScript API warning: NoApiKeys https://developers.google.com/maps/documentation/javascript/error-messages#no-api-keys", source: http://maps.googleapis.com/maps-api-v3/api/js/53/14/util.js (67)
[0830/092718.370:INFO:CONSOLE(67)] "Uncaught SyntaxError: Unexpected token ?", source: https://maps.googleapis.com/maps/api/js?v=3.exp&sensor=false (67)
[0830/092718.518:INFO:CONSOLE(0)] "Uncaught (in promise) InvalidValueError: initMap is not a function", source: file:///C:/Users/Public/Documents/Paradigma/cache/cache/tempel/Feinen_J_.html (0)
[0830/092723.586:INFO:CONSOLE(67)] "Google Maps JavaScript API warning: SensorNotRequired https://developers.google.com/maps/documentation/javascript/error-messages#sensor-not-required", source: https://maps.googleapis.com/maps-api-v3/api/js/53/14/util.js (67)
[0830/092723.586:INFO:CONSOLE(67)] "Google Maps JavaScript API warning: NoApiKeys https://developers.google.com/maps/documentation/javascript/error-messages#no-api-keys", source: https://maps.googleapis.com/maps-api-v3/api/js/53/14/util.js (67)
[0830/093114.357:INFO:CONSOLE(67)] "Uncaught SyntaxError: Unexpected token ?", source: https://maps.googleapis.com/maps/api/js?v=3.exp&sensor=false (67)
[0830/093252.407:INFO:CONSOLE(0)] "Uncaught (in promise) InvalidValueError: initMap is not a function", source: file:///C:/Users/Public/Documents/Paradigma/cache/cache/tempel/Feinen_J_.html (0)
[0830/093257.387:INFO:CONSOLE(67)] "Google Maps JavaScript API warning: SensorNotRequired https://developers.google.com/maps/documentation/javascript/error-messages#sensor-not-required", source: https://maps.googleapis.com/maps-api-v3/api/js/53/14/util.js (67)
[0830/093257.388:INFO:CONSOLE(67)] "Google Maps JavaScript API warning: NoApiKeys https://developers.google.com/maps/documentation/javascript/error-messages#no-api-keys", source: https://maps.googleapis.com/maps-api-v3/api/js/53/14/util.js (67)
[0830/093416.949:INFO:CONSOLE(67)] "Uncaught SyntaxError: Unexpected token ?", source: https://maps.googleapis.com/maps/api/js?v=3.exp&sensor=false (67)
[0830/093440.344:INFO:CONSOLE(0)] "Uncaught (in promise) InvalidValueError: initMap is not a function", source: file:///C:/Users/Public/Documents/Paradigma/cache/cache/tempel/Feinen_J_.html (0)
[0830/093445.524:INFO:CONSOLE(67)] "Google Maps JavaScript API warning: SensorNotRequired https://developers.google.com/maps/documentation/javascript/error-messages#sensor-not-required", source: https://maps.googleapis.com/maps-api-v3/api/js/53/14/util.js (67)
[0830/093445.525:INFO:CONSOLE(67)] "Google Maps JavaScript API warning: NoApiKeys https://developers.google.com/maps/documentation/javascript/error-messages#no-api-keys", source: https://maps.googleapis.com/maps-api-v3/api/js/53/14/util.js (67)
[0830/093455.157:INFO:CONSOLE(67)] "Uncaught SyntaxError: Unexpected token ?", source: https://maps.googleapis.com/maps/api/js?v=3.exp&sensor=false (67)
[0830/093704.120:INFO:CONSOLE(0)] "Uncaught (in promise) InvalidValueError: initMap is not a function", source: file:///C:/Users/Public/Documents/Paradigma/cache/cache/tempel/Feinen_J_.html (0)
[0830/093709.134:INFO:CONSOLE(67)] "Google Maps JavaScript API warning: SensorNotRequired https://developers.google.com/maps/documentation/javascript/error-messages#sensor-not-required", source: https://maps.googleapis.com/maps-api-v3/api/js/53/14/util.js (67)
[0830/093709.135:INFO:CONSOLE(67)] "Google Maps JavaScript API warning: NoApiKeys https://developers.google.com/maps/documentation/javascript/error-messages#no-api-keys", source: https://maps.googleapis.com/maps-api-v3/api/js/53/14/util.js (67)
[0830/093846.433:INFO:CONSOLE(67)] "Uncaught SyntaxError: Unexpected token ?", source: https://maps.googleapis.com/maps/api/js?v=3.exp&sensor=false (67)
[0830/093852.078:INFO:CONSOLE(0)] "Uncaught (in promise) InvalidValueError: initMap is not a function", source: file:///C:/Users/Public/Documents/Paradigma/cache/cache/tempel/Feinen_J_.html (0)
[0830/093857.089:INFO:CONSOLE(67)] "Google Maps JavaScript API warning: SensorNotRequired https://developers.google.com/maps/documentation/javascript/error-messages#sensor-not-required", source: https://maps.googleapis.com/maps-api-v3/api/js/53/14/util.js (67)
[0830/093857.090:INFO:CONSOLE(67)] "Google Maps JavaScript API warning: NoApiKeys https://developers.google.com/maps/documentation/javascript/error-messages#no-api-keys", source: https://maps.googleapis.com/maps-api-v3/api/js/53/14/util.js (67)
[0830/093950.546:INFO:CONSOLE(67)] "Uncaught SyntaxError: Unexpected token ?", source: https://maps.googleapis.com/maps/api/js?v=3.exp&sensor=false (67)
[0830/093950.574:INFO:CONSOLE(0)] "Uncaught (in promise) InvalidValueError: initMap is not a function", source: file:///C:/Users/Public/Documents/Paradigma/cache/cache/tempel/Feinen_J_.html (0)
[0830/093955.584:INFO:CONSOLE(67)] "Google Maps JavaScript API warning: SensorNotRequired https://developers.google.com/maps/documentation/javascript/error-messages#sensor-not-required", source: https://maps.googleapis.com/maps-api-v3/api/js/53/14/util.js (67)
[0830/093955.584:INFO:CONSOLE(67)] "Google Maps JavaScript API warning: NoApiKeys https://developers.google.com/maps/documentation/javascript/error-messages#no-api-keys", source: https://maps.googleapis.com/maps-api-v3/api/js/53/14/util.js (67)
[0830/095031.454:INFO:CONSOLE(67)] "Uncaught SyntaxError: Unexpected token ?", source: https://maps.googleapis.com/maps/api/js?v=3.exp&sensor=false (67)
[0830/095031.467:INFO:CONSOLE(0)] "Uncaught (in promise) InvalidValueError: initMap is not a function", source: file:///C:/Users/Public/Documents/Paradigma/cache/cache/tempel/Feinen_J_.html (0)
[0830/095036.486:INFO:CONSOLE(67)] "Google Maps JavaScript API warning: SensorNotRequired https://developers.google.com/maps/documentation/javascript/error-messages#sensor-not-required", source: https://maps.googleapis.com/maps-api-v3/api/js/53/14/util.js (67)
[0830/095036.486:INFO:CONSOLE(67)] "Google Maps JavaScript API warning: NoApiKeys https://developers.google.com/maps/documentation/javascript/error-messages#no-api-keys", source: https://maps.googleapis.com/maps-api-v3/api/js/53/14/util.js (67)
[0830/095217.915:INFO:CONSOLE(67)] "Uncaught SyntaxError: Unexpected token ?", source: https://maps.googleapis.com/maps/api/js?v=3.exp&sensor=false (67)
[0830/095223.336:INFO:CONSOLE(0)] "Uncaught (in promise) InvalidValueError: initMap is not a function", source: file:///C:/Users/Public/Documents/Paradigma/cache/cache/tempel/Feinen_J_.html (0)
[0830/095228.350:INFO:CONSOLE(67)] "Google Maps JavaScript API warning: SensorNotRequired https://developers.google.com/maps/documentation/javascript/error-messages#sensor-not-required", source: https://maps.googleapis.com/maps-api-v3/api/js/53/14/util.js (67)
[0830/095228.350:INFO:CONSOLE(67)] "Google Maps JavaScript API warning: NoApiKeys https://developers.google.com/maps/documentation/javascript/error-messages#no-api-keys", source: https://maps.googleapis.com/maps-api-v3/api/js/53/14/util.js (67)
[0830/095246.109:INFO:CONSOLE(67)] "Uncaught SyntaxError: Unexpected token ?", source: https://maps.googleapis.com/maps/api/js?v=3.exp&sensor=false (67)
[0830/095247.624:INFO:CONSOLE(0)] "Uncaught (in promise) InvalidValueError: initMap is not a function", source: file:///C:/Users/Public/Documents/Paradigma/cache/cache/tempel/Feinen_J_.html (0)
[0830/095253.562:INFO:CONSOLE(67)] "Google Maps JavaScript API warning: SensorNotRequired https://developers.google.com/maps/documentation/javascript/error-messages#sensor-not-required", source: https://maps.googleapis.com/maps-api-v3/api/js/53/14/util.js (67)
[0830/095253.562:INFO:CONSOLE(67)] "Google Maps JavaScript API warning: NoApiKeys https://developers.google.com/maps/documentation/javascript/error-messages#no-api-keys", source: https://maps.googleapis.com/maps-api-v3/api/js/53/14/util.js (67)
[0830/095256.426:INFO:CONSOLE(67)] "Uncaught SyntaxError: Unexpected token ?", source: https://maps.googleapis.com/maps/api/js?v=3.exp&sensor=false (67)
[0830/095301.974:INFO:CONSOLE(0)] "Uncaught (in promise) InvalidValueError: initMap is not a function", source: file:///C:/Users/Public/Documents/Paradigma/cache/cache/tempel/Feinen_J_.html (0)
[0830/095307.572:INFO:CONSOLE(67)] "Google Maps JavaScript API warning: SensorNotRequired https://developers.google.com/maps/documentation/javascript/error-messages#sensor-not-required", source: https://maps.googleapis.com/maps-api-v3/api/js/53/14/util.js (67)
[0830/095307.572:INFO:CONSOLE(67)] "Google Maps JavaScript API warning: NoApiKeys https://developers.google.com/maps/documentation/javascript/error-messages#no-api-keys", source: https://maps.googleapis.com/maps-api-v3/api/js/53/14/util.js (67)
[0830/095326.722:INFO:CONSOLE(67)] "Uncaught SyntaxError: Unexpected token ?", source: https://maps.googleapis.com/maps/api/js?v=3.exp&sensor=false (67)
[0830/095328.821:INFO:CONSOLE(0)] "Uncaught (in promise) InvalidValueError: initMap is not a function", source: file:///C:/Users/Public/Documents/Paradigma/cache/cache/tempel/Feinen_J_.html (0)
[0830/095331.210:WARNING:backend_impl.cc(1610)] Messed up entry found.
[0830/095331.343:WARNING:backend_impl.cc(1610)] Messed up entry found.
[0830/095333.723:INFO:CONSOLE(67)] "Google Maps JavaScript API warning: SensorNotRequired https://developers.google.com/maps/documentation/javascript/error-messages#sensor-not-required", source: https://maps.googleapis.com/maps-api-v3/api/js/53/14/util.js (67)
[0830/095333.723:INFO:CONSOLE(67)] "Google Maps JavaScript API warning: NoApiKeys https://developers.google.com/maps/documentation/javascript/error-messages#no-api-keys", source: https://maps.googleapis.com/maps-api-v3/api/js/53/14/util.js (67)
[0830/095730.584:WARNING:backend_impl.cc(1610)] Messed up entry found.
